===PortTool Log v. 1, 0, 0, 9 ===
PortTool execution path: \ResidentFlash\PortTool9\PortTool.exe
CPU: ARM rev.3
Path to navi: 
USB: [Async/Flash card/CardReader]
UUID in About: [yes/no]
Internet: [yes/no]
RAM: total: 99 Mb, avail: 72 Mb
UUID: 16 byte: 00 18 E4 20 09 00 00 00 - 00 00 00 00 00 00 00 01 (0018E420090000000000000000000001)
Screen: 800x480 16 bit
OS Version: 6
Battery status: Charging
Battery percent: 40
wininet.dll: yes
OEM info: 'applo' 12 byte: 61 00 70 00 70 00 6C 00 6F 00 00 00 
THUMB: yes
FlashCards
  name: ResidentFlash
  name: NandBlk
  Disk size: 3506.54 Mb 3676872704 bytes
  Mapping: AVR Write: 822 KB/s
	    AVR Read: 507 KB/s
  Mapping time: 22 sec, 100 %
 
  name: SDMMC
  name: DSK2:
  Disk size: 1884.72 Mb 1976270848 bytes
  flashID: 30 36 43 32 35 37 35 43 00 00 . 30 33
  Mapping: AVR Write: 887 KB/s
	    AVR Read: 490 KB/s
  Mapping time: 22 sec, 100 %
 
GPS:
  COM Test: ClearCommError() failed
  COM Test: ClearCommError() failed
  COM Test: ClearCommError() failed
  COM Test: ClearCommError() failed
  COM Test: ClearCommError() failed
  COM Test: ClearCommError() failed
  Port: COM1:
  Rate: 57600

  Port: COM7:
  Rate: 57600

  Port: COM9:
  Rate: 57600

String test: Ok
System date/time: 19:49:19 30.12.2023 (7:49:19 PM, 12/30/2023)
==================
