===PortTool Log v. 1, 0, 0, 24 ===
PortTool execution path: \My Flash Disk\Portable\Porttool24\PortTool.exe
CPU: ARM rev.3
Path to navi: [ ]
USB: [Async/Flash card/CardReader]
UUID in About: [yes/no]
Internet: [yes/no]
RAM: total: 108 Mb, avail: 92 Mb
UUID: 16 byte: 31 30 30 30 30 30 30 30 - 30 30 37 36 64 66 35 62 (31303030303030303030373664663562)
UUID check: 0
DeviceID: 52 byte: 53 00 65 00 6D 00 69 00 63 00 6F 00 6E 00 64 00 75 00 63 00 74 00 6F 00 72 00 20 00 45 00 56 00 42 00 00 00 - 31 30 30 30 30 30 30 30 30 30 37 36 64 66 35 62
Screen: 480x272 16 bit
OS Version: 6
Battery status: Charging
Battery percent: 92
wininet.dll: yes
OEM info: 'MStar Semiconductor' 40 byte: 4D 00 53 00 74 00 61 00 72 00 20 00 53 00 65 00 6D 00 69 00 63 00 6F 00 6E 00 64 00 75 00 63 00 74 00 6F 00 72 00 00 00 
THUMB: yes
MemAccess: Mapping - 407 ms	malloc() - 408 ms	Factor: 1 (ok)
FlashCards
  name: My Flash Disk
  name: NandBlk
  Disk size: 3680.37 Mb 3859144704 bytes
  Write/Read test: Ok 
  Mapping: AVR Write: 1225 KB/s
	    AVR Read: 482 KB/s
  Mapping time: 20 sec, 100 %
 
  name: SDMMC
  name: DSK1:
  Disk size: 1884.72 Mb 1976270848 bytes
  flashID: 30 36 43 32 35 37 35 43 00 00 . 30 33
  flashID (for registration): 0306C2575C00
  Write/Read test: Ok 
  Mapping: AVR Write: 923 KB/s
	    AVR Read: 444 KB/s
  Mapping time: 23 sec, 100 %
 
GPS:
	 Port: COM0:
	 Rate: 57600
 
  No errors in NMEA 0

	 Port: COM2:
	 Rate: 57600
 
  No errors in NMEA 0

	 Port: COM3:
	 Rate: 57600
 
  No errors in NMEA 0

---Parallels call serial ports---

	 Port: COM0:
	 Rate: 57600
 
  No errors in NMEA 0

	 Port: COM2:
	 Rate: 57600
 
  No errors in NMEA 0

	 Port: COM3:
	 Rate: 57600
 
  No errors in NMEA 0

String test: Ok
System date/time:   (5:04:20, 1/28/2014)
===[Audio test]===
Count of audio devices: 4
=[End audio test]=
==================
