===PortTool Log v. 1, 0, 0, 9 ===
PortTool execution path: \My Flash Disk\Portable\PortTool9\PortTool.exe
CPU: ARM rev.3
Path to navi: 
USB: [Async/Flash card/CardReader]
UUID in About: [yes/no]
Internet: [yes/no]
RAM: total: 108 Mb, avail: 92 Mb
UUID: 16 byte: 31 30 30 30 30 30 30 30 - 30 30 37 36 64 66 35 62 (31303030303030303030373664663562)
Screen: 480x272 16 bit
OS Version: 6
Battery status: Charging
Battery percent: 92
wininet.dll: yes
OEM info: 'MStar Semiconductor' 40 byte: 4D 00 53 00 74 00 61 00 72 00 20 00 53 00 65 00 6D 00 69 00 63 00 6F 00 6E 00 64 00 75 00 63 00 74 00 6F 00 72 00 00 00 
THUMB: yes
FlashCards
  name: My Flash Disk
  name: NandBlk
  Disk size: 3680.37 Mb 3859144704 bytes
  Mapping: AVR Write: 1171 KB/s
	    AVR Read: 546 KB/s
  Mapping time: 19 sec, 100 %
 
  name: SDMMC
  name: DSK1:
  Disk size: 1884.72 Mb 1976270848 bytes
  flashID: 30 36 43 32 35 37 35 43 00 00 . 30 33
  Mapping: AVR Write: 921 KB/s
	    AVR Read: 507 KB/s
  Mapping time: 21 sec, 100 %
 
GPS:
  Port: COM0:
  Rate: 57600

  Port: COM2:
  Rate: 57600

  Port: COM3:
  Rate: 57600

String test: Ok
System date/time:   (5:01:06 AM, 1/28/2014)
==================
